<?xml version="1.0" encoding="UTF-8"?>
<!-- Generated by org.testng.reporters.JUnitReportReporter -->
<testsuite hostname="LP-5CD212M0Y5" failures="0" tests="3" name="OG_image.ScrappersLinkedIn" time="38.706" errors="0" timestamp="2025-07-24T14:25:40 IST" skipped="0">
  <testcase classname="OG_image.ScrappersLinkedIn" name="LinkedInPostInception" time="4.572"/>
  <testcase classname="OG_image.ScrappersLinkedIn" name="LikedInLanding" time="34.111"/>
  <testcase classname="OG_image.ScrappersLinkedIn" name="logLastLine" time="0.023"/>
</testsuite> <!-- OG_image.ScrappersLinkedIn -->
