<?xml version="1.0" encoding="UTF-8"?>
<!-- Generated by org.testng.reporters.JUnitReportReporter -->
<testsuite hostname="LP-5CD212M0Y5" failures="0" tests="3" name="OG_image.ScrappersFacebook" time="61.203" errors="0" timestamp="2025-07-24T14:25:40 IST" skipped="0">
  <testcase classname="OG_image.ScrappersFacebook" name="facebookPostInce" time="8.483"/>
  <testcase classname="OG_image.ScrappersFacebook" name="logLastLine" time="0.006"/>
  <testcase classname="OG_image.ScrappersFacebook" name="facebookLanding" time="52.714"/>
</testsuite> <!-- OG_image.ScrappersFacebook -->
