<?xml version="1.0" encoding="UTF-8"?>
<!-- Generated by org.testng.reporters.JUnitReportReporter -->
<testsuite hostname="DESKTOP-1GE5BDV" failures="0" tests="4" name="FacebookLogin" time="16.733" errors="0" timestamp="2025-05-23T20:07:28 IST" skipped="0">
  <testcase classname="FacebookLogin" name="faceBookLogin" time="6.583"/>
  <testcase classname="FacebookLogin" name="faceBookLogin" time="3.319"/>
  <testcase classname="FacebookLogin" name="faceBookLogin" time="3.724"/>
  <testcase classname="FacebookLogin" name="faceBookLogin" time="3.107"/>
</testsuite> <!-- FacebookLogin -->
