<?xml version="1.0" encoding="UTF-8"?>
<!-- Generated by org.testng.reporters.JUnitReportReporter -->
<testsuite hostname="DESKTOP-1GE5BDV" failures="0" tests="1" name="FcebookLogin" time="7.348" errors="0" timestamp="2025-05-17T21:42:15 IST" skipped="0">
  <testcase classname="FcebookLogin" name="logInToMeta" time="7.348"/>
</testsuite> <!-- FcebookLogin -->
