<?xml version="1.0" encoding="UTF-8"?>
<!-- Generated by org.testng.reporters.JUnitReportReporter -->
<testsuite hostname="DESKTOP-1GE5BDV" failures="0" tests="4" name="OG_image.FacebookLogin" time="14.557" errors="0" timestamp="2025-05-23T21:28:45 IST" skipped="0">
  <testcase classname="OG_image.FacebookLogin" name="faceBookLogin" time="4.201"/>
  <testcase classname="OG_image.FacebookLogin" name="faceBookLogin" time="3.618"/>
  <testcase classname="OG_image.FacebookLogin" name="faceBookLogin" time="3.998"/>
  <testcase classname="OG_image.FacebookLogin" name="faceBookLogin" time="2.740"/>
</testsuite> <!-- OG_image.FacebookLogin -->
