<?xml version="1.0" encoding="UTF-8"?>
<!-- Generated by org.testng.reporters.JUnitReportReporter -->
<testsuite hostname="LP-5CD212M0Y5" failures="0" tests="4" name="OG_image.ScrappersLinkedIn" time="18.235" errors="0" timestamp="2025-09-02T23:26:23 IST" skipped="0">
  <testcase classname="OG_image.ScrappersLinkedIn" name="LinkedInPostInception" time="3.971"/>
  <testcase classname="OG_image.ScrappersLinkedIn" name="LikedInLanding" time="11.880"/>
  <testcase classname="OG_image.ScrappersLinkedIn" name="LinkedInPostInception" time="2.382"/>
  <testcase classname="OG_image.ScrappersLinkedIn" name="logLastLine" time="0.002"/>
</testsuite> <!-- OG_image.ScrappersLinkedIn -->
