<?xml version="1.0" encoding="UTF-8"?>
<!-- Generated by org.testng.reporters.JUnitReportReporter -->
<testsuite hostname="DESKTOP-1GE5BDV" failures="0" tests="4" name="TwitterLogin" time="19.968" errors="0" timestamp="2025-05-23T20:00:18 IST" skipped="0">
  <testcase classname="TwitterLogin" name="twitterLogin" time="4.592"/>
  <testcase classname="TwitterLogin" name="twitterLogin" time="6.119"/>
  <testcase classname="TwitterLogin" name="twitterLogin" time="4.621"/>
  <testcase classname="TwitterLogin" name="twitterLogin" time="4.636"/>
</testsuite> <!-- TwitterLogin -->
