<?xml version="1.0" encoding="UTF-8"?>
<!-- Generated by org.testng.reporters.JUnitReportReporter -->
<testsuite hostname="DESKTOP-1GE5BDV" failures="0" tests="1" name="DBScrappers" time="0.812" errors="0" timestamp="2025-05-23T17:21:37 IST" skipped="0">
  <testcase classname="DBScrappers" name="needTotestUrls" time="0.812"/>
</testsuite> <!-- DBScrappers -->
