<?xml version="1.0" encoding="UTF-8"?>
<!-- Generated by org.testng.reporters.JUnitReportReporter -->
<testsuite hostname="DESKTOP-1GE5BDV" failures="0" tests="4" name="OG_image.TwitterLogin" time="18.570" errors="0" timestamp="2025-05-23T21:28:45 IST" skipped="0">
  <testcase classname="OG_image.TwitterLogin" name="twitterLogin" time="4.736"/>
  <testcase classname="OG_image.TwitterLogin" name="twitterLogin" time="4.516"/>
  <testcase classname="OG_image.TwitterLogin" name="twitterLogin" time="4.593"/>
  <testcase classname="OG_image.TwitterLogin" name="twitterLogin" time="4.725"/>
</testsuite> <!-- OG_image.TwitterLogin -->
