<?xml version="1.0" encoding="UTF-8"?>
<!-- Generated by org.testng.reporters.JUnitReportReporter -->
<testsuite hostname="DESKTOP-1GE5BDV" failures="0" tests="4" name="LinkedInLogin" time="28.443" errors="0" timestamp="2025-05-23T19:54:04 IST" skipped="0">
  <testcase classname="LinkedInLogin" name="LinkedIN" time="7.501"/>
  <testcase classname="LinkedInLogin" name="LinkedIN" time="7.213"/>
  <testcase classname="LinkedInLogin" name="LinkedIN" time="7.255"/>
  <testcase classname="LinkedInLogin" name="LinkedIN" time="6.474"/>
</testsuite> <!-- LinkedInLogin -->
