<?xml version="1.0" encoding="UTF-8"?>
<!-- Generated by org.testng.reporters.JUnitReportReporter -->
<testsuite hostname="DESKTOP-1GE5BDV" failures="0" tests="4" name="OG_image.LinkedInLogin" time="27.810" errors="0" timestamp="2025-05-23T21:28:45 IST" skipped="0">
  <testcase classname="OG_image.LinkedInLogin" name="LinkedIN" time="6.442"/>
  <testcase classname="OG_image.LinkedInLogin" name="LinkedIN" time="6.464"/>
  <testcase classname="OG_image.LinkedInLogin" name="LinkedIN" time="7.651"/>
  <testcase classname="OG_image.LinkedInLogin" name="LinkedIN" time="7.253"/>
</testsuite> <!-- OG_image.LinkedInLogin -->
