<?xml version="1.0" encoding="UTF-8"?>
<!-- Generated by org.testng.reporters.JUnitReportReporter -->
<testsuite hostname="LP-5CD212M0Y5" failures="0" tests="1" name="OG_image.EmailConfig" time="5.543" errors="0" timestamp="2025-07-09T21:17:57 IST" skipped="0">
  <testcase classname="OG_image.EmailConfig" name="sendEmail" time="5.543"/>
</testsuite> <!-- OG_image.EmailConfig -->
