<?xml version="1.0" encoding="UTF-8"?>
<!-- Generated by org.testng.reporters.JUnitReportReporter -->
<testsuite hostname="LP-5CD212M0Y5" failures="0" tests="3" name="OG_image.ScrappersTwitter" time="33.691" errors="0" timestamp="2025-07-24T14:25:40 IST" skipped="0">
  <testcase classname="OG_image.ScrappersTwitter" name="logLastLine" time="0.009"/>
  <testcase classname="OG_image.ScrappersTwitter" name="twitterInspectPost" time="3.544"/>
  <testcase classname="OG_image.ScrappersTwitter" name="twitterLanding" time="30.138"/>
</testsuite> <!-- OG_image.ScrappersTwitter -->
