<?xml version="1.0" encoding="UTF-8"?>
<!-- Generated by org.testng.reporters.JUnitReportReporter -->
<testsuite hostname="LP-5CD212M0Y5" failures="0" tests="1" name="OG_image.FTest" time="24.920" errors="0" timestamp="2025-07-06T16:31:09 IST" skipped="0">
  <testcase classname="OG_image.FTest" name="f" time="24.920"/>
</testsuite> <!-- OG_image.FTest -->
