<?xml version="1.0" encoding="UTF-8"?>
<!-- Generated by org.testng.reporters.JUnitReportReporter -->
<testsuite hostname="LP-5CD212M0Y5" failures="0" tests="4" name="OG_image.ScrappersLinkedIn" time="49.137" errors="0" timestamp="2025-08-13T12:55:44 IST" skipped="0">
  <testcase classname="OG_image.ScrappersLinkedIn" name="LinkedInPostInception" time="3.118"/>
  <testcase classname="OG_image.ScrappersLinkedIn" name="LinkedInPostInception" time="7.486"/>
  <testcase classname="OG_image.ScrappersLinkedIn" name="logLastLine" time="0.002"/>
  <testcase classname="OG_image.ScrappersLinkedIn" name="LikedInLanding" time="38.531"/>
</testsuite> <!-- OG_image.ScrappersLinkedIn -->
