<?xml version="1.0" encoding="UTF-8"?>
<!-- Generated by org.testng.reporters.JUnitReportReporter -->
<testsuite hostname="LP-5CD212M0Y5" failures="0" tests="5" name="OG_image.ScrappersFacebook" time="45.984" errors="0" timestamp="2025-09-03T22:35:12 IST" skipped="0">
  <testcase classname="OG_image.ScrappersFacebook" name="facebookPostInce" time="4.521"/>
  <testcase classname="OG_image.ScrappersFacebook" name="facebookLanding" time="30.648"/>
  <testcase classname="OG_image.ScrappersFacebook" name="logLastLine" time="0.009"/>
  <testcase classname="OG_image.ScrappersFacebook" name="facebookPostInce" time="6.745"/>
  <testcase classname="OG_image.ScrappersFacebook" name="facebookPostInce" time="4.061"/>
</testsuite> <!-- OG_image.ScrappersFacebook -->
