<?xml version="1.0" encoding="UTF-8"?>
<!-- Generated by org.testng.reporters.JUnitReportReporter -->
<testsuite hostname="LP-5CD212M0Y5" failures="0" tests="5" name="OG_image.ScrappersLinkedIn" time="54.875" errors="0" timestamp="2025-09-03T22:35:12 IST" skipped="0">
  <testcase classname="OG_image.ScrappersLinkedIn" name="LikedInLanding" time="42.385"/>
  <testcase classname="OG_image.ScrappersLinkedIn" name="LinkedInPostInception" time="5.179"/>
  <testcase classname="OG_image.ScrappersLinkedIn" name="LinkedInPostInception" time="3.959"/>
  <testcase classname="OG_image.ScrappersLinkedIn" name="logLastLine" time="0.002"/>
  <testcase classname="OG_image.ScrappersLinkedIn" name="LinkedInPostInception" time="3.350"/>
</testsuite> <!-- OG_image.ScrappersLinkedIn -->
