<?xml version="1.0" encoding="UTF-8"?>
<!-- Generated by org.testng.reporters.JUnitReportReporter -->
<testsuite hostname="LP-5CD212M0Y5" failures="0" tests="4" name="OG_image.ScrappersFacebook" time="42.651" errors="0" timestamp="2025-08-13T12:55:44 IST" skipped="0">
  <testcase classname="OG_image.ScrappersFacebook" name="facebookLanding" time="34.846"/>
  <testcase classname="OG_image.ScrappersFacebook" name="facebookPostInce" time="6.067"/>
  <testcase classname="OG_image.ScrappersFacebook" name="logLastLine" time="0.003"/>
  <testcase classname="OG_image.ScrappersFacebook" name="facebookPostInce" time="1.735"/>
</testsuite> <!-- OG_image.ScrappersFacebook -->
